2025-05-08T14:10:46.457+02:00  INFO 35108 --- [puzzle-15] [Test worker] d.mdp.puzzle15.Puzzle15ApplicationTests  : Starting Puzzle15ApplicationTests using Java 21.0.7 with PID 35108 (started by michaelp in C:\Sandbox\puzzle-15)
2025-05-08T14:10:46.457+02:00  INFO 35108 --- [puzzle-15] [Test worker] d.mdp.puzzle15.Puzzle15ApplicationTests  : No active profile set, falling back to 1 default profile: "default"
2025-05-08T14:10:48.081+02:00  INFO 35108 --- [puzzle-15] [Test worker] r$InitializeUserDetailsManagerConfigurer : Global AuthenticationManager configured with UserDetailsService bean with name customUserDetailsService
2025-05-08T14:10:48.740+02:00  INFO 35108 --- [puzzle-15] [Test worker] d.mdp.puzzle15.Puzzle15ApplicationTests  : Started Puzzle15ApplicationTests in 2.585 seconds (process running for 4.154)
2025-05-08T14:10:49.418+02:00  INFO 35108 --- [puzzle-15] [Test worker] t.c.s.AnnotationConfigContextLoaderUtils : Could not detect default configuration classes for test class [dk.mdp.puzzle15.controller.AuthControllerTest]: AuthControllerTest does not declare any static, non-private, non-final, nested classes annotated with @Configuration.
2025-05-08T14:10:49.427+02:00  INFO 35108 --- [puzzle-15] [Test worker] .b.t.c.SpringBootTestContextBootstrapper : Found @SpringBootConfiguration dk.mdp.puzzle15.Puzzle15Application for test class dk.mdp.puzzle15.controller.AuthControllerTest
2025-05-08T14:10:49.450+02:00  INFO 35108 --- [puzzle-15] [Test worker] d.m.p.controller.AuthControllerTest      : Starting AuthControllerTest using Java 21.0.7 with PID 35108 (started by michaelp in C:\Sandbox\puzzle-15)
2025-05-08T14:10:49.450+02:00  INFO 35108 --- [puzzle-15] [Test worker] d.m.p.controller.AuthControllerTest      : No active profile set, falling back to 1 default profile: "default"
2025-05-08T14:10:49.717+02:00  INFO 35108 --- [puzzle-15] [Test worker] o.s.b.w.embedded.tomcat.TomcatWebServer  : Tomcat initialized with port 0 (http)
2025-05-08T14:10:49.733+02:00  INFO 35108 --- [puzzle-15] [Test worker] o.apache.catalina.core.StandardService   : Starting service [Tomcat]
2025-05-08T14:10:49.733+02:00  INFO 35108 --- [puzzle-15] [Test worker] o.apache.catalina.core.StandardEngine    : Starting Servlet engine: [Apache Tomcat/10.1.40]
2025-05-08T14:10:49.780+02:00  INFO 35108 --- [puzzle-15] [Test worker] o.a.c.c.C.[Tomcat].[localhost].[/]       : Initializing Spring embedded WebApplicationContext
2025-05-08T14:10:49.780+02:00  INFO 35108 --- [puzzle-15] [Test worker] w.s.c.ServletWebServerApplicationContext : Root WebApplicationContext: initialization completed in 330 ms
2025-05-08T14:10:49.859+02:00  INFO 35108 --- [puzzle-15] [Test worker] r$InitializeUserDetailsManagerConfigurer : Global AuthenticationManager configured with UserDetailsService bean with name customUserDetailsService
2025-05-08T14:10:50.126+02:00  INFO 35108 --- [puzzle-15] [Test worker] o.s.b.w.embedded.tomcat.TomcatWebServer  : Tomcat started on port 54058 (http) with context path '/'
2025-05-08T14:10:50.128+02:00  INFO 35108 --- [puzzle-15] [Test worker] d.m.p.controller.AuthControllerTest      : Started AuthControllerTest in 0.694 seconds (process running for 5.531)
2025-05-08T14:10:50.943+02:00  INFO 35108 --- [puzzle-15] [http-nio-auto-1-exec-1] o.a.c.c.C.[Tomcat].[localhost].[/]       : Initializing Spring DispatcherServlet 'dispatcherServlet'
2025-05-08T14:10:50.943+02:00  INFO 35108 --- [puzzle-15] [http-nio-auto-1-exec-1] o.s.web.servlet.DispatcherServlet        : Initializing Servlet 'dispatcherServlet'
2025-05-08T14:10:50.943+02:00  INFO 35108 --- [puzzle-15] [http-nio-auto-1-exec-1] o.s.web.servlet.DispatcherServlet        : Completed initialization in 0 ms
2025-05-08T14:10:50.959+02:00  INFO 35108 --- [puzzle-15] [http-nio-auto-1-exec-1] d.m.p.logging.RequestLoggingFilter       : ➡️  [anonymousUser] POST called /api/auth/login
2025-05-08T14:10:51.194+02:00 ERROR 35108 --- [puzzle-15] [http-nio-auto-1-exec-1] d.m.p.exception.GlobalExceptionHandler   : ErrorResponse[timestamp=2025-05-08T12:10:51.194650400Z, status=401, error=Unauthorized, message=Bad credentials, path=/api/auth/login]
2025-05-08T14:10:51.210+02:00  INFO 35108 --- [puzzle-15] [http-nio-auto-1-exec-1] d.m.p.logging.RequestLoggingFilter       : ⬅️  [anonymousUser] POST /api/auth/login -> HTTP 401
2025-05-08T14:10:51.683+02:00  INFO 35108 --- [puzzle-15] [http-nio-auto-1-exec-2] d.m.p.logging.RequestLoggingFilter       : ➡️  [anonymousUser] POST called /api/auth/login
2025-05-08T14:10:51.714+02:00  INFO 35108 --- [puzzle-15] [http-nio-auto-1-exec-2] d.m.p.logging.RequestLoggingFilter       : ⬅️  [anonymousUser] POST /api/auth/login -> HTTP 200
2025-05-08T14:10:51.745+02:00  INFO 35108 --- [puzzle-15] [http-nio-auto-1-exec-3] d.m.p.logging.RequestLoggingFilter       : ➡️  [anonymousUser] POST called /api/auth/login
2025-05-08T14:10:51.761+02:00 ERROR 35108 --- [puzzle-15] [http-nio-auto-1-exec-3] d.m.p.exception.GlobalExceptionHandler   : ErrorResponse[timestamp=2025-05-08T12:10:51.761604Z, status=400, error=Bad Request, message=Validation failed for argument [0] in public org.springframework.http.ResponseEntity<dk.mdp.puzzle15.dto.JwtResponse> dk.mdp.puzzle15.controller.AuthController.login(dk.mdp.puzzle15.dto.LoginRequest): [Field error in object 'loginRequest' on field 'username': rejected value [null]; codes [NotBlank.loginRequest.username,NotBlank.username,NotBlank.java.lang.String,NotBlank]; arguments [org.springframework.context.support.DefaultMessageSourceResolvable: codes [loginRequest.username,username]; arguments []; default message [username]]; default message [må ikke være blank]] , path=/api/auth/login]
2025-05-08T14:10:51.761+02:00  INFO 35108 --- [puzzle-15] [http-nio-auto-1-exec-3] d.m.p.logging.RequestLoggingFilter       : ⬅️  [anonymousUser] POST /api/auth/login -> HTTP 400
2025-05-08T14:10:51.798+02:00  INFO 35108 --- [puzzle-15] [http-nio-auto-1-exec-4] d.m.p.logging.RequestLoggingFilter       : ➡️  [anonymousUser] POST called /api/auth/login
2025-05-08T14:10:51.798+02:00 ERROR 35108 --- [puzzle-15] [http-nio-auto-1-exec-4] d.m.p.exception.GlobalExceptionHandler   : ErrorResponse[timestamp=2025-05-08T12:10:51.798107400Z, status=401, error=Unauthorized, message=Bad credentials, path=/api/auth/login]
2025-05-08T14:10:51.798+02:00  INFO 35108 --- [puzzle-15] [http-nio-auto-1-exec-4] d.m.p.logging.RequestLoggingFilter       : ⬅️  [anonymousUser] POST /api/auth/login -> HTTP 401
2025-05-08T14:10:51.821+02:00  INFO 35108 --- [puzzle-15] [Test worker] t.c.s.AnnotationConfigContextLoaderUtils : Could not detect default configuration classes for test class [dk.mdp.puzzle15.controller.GameControllerTest]: GameControllerTest does not declare any static, non-private, non-final, nested classes annotated with @Configuration.
2025-05-08T14:10:51.822+02:00  INFO 35108 --- [puzzle-15] [Test worker] .b.t.c.SpringBootTestContextBootstrapper : Found @SpringBootConfiguration dk.mdp.puzzle15.Puzzle15Application for test class dk.mdp.puzzle15.controller.GameControllerTest
2025-05-08T14:10:51.841+02:00  INFO 35108 --- [puzzle-15] [http-nio-auto-1-exec-5] d.m.p.logging.RequestLoggingFilter       : ➡️  [anonymousUser] POST called /api/auth/login
2025-05-08T14:10:51.841+02:00  INFO 35108 --- [puzzle-15] [http-nio-auto-1-exec-5] d.m.p.logging.RequestLoggingFilter       : ⬅️  [anonymousUser] POST /api/auth/login -> HTTP 200
2025-05-08T14:10:51.869+02:00  INFO 35108 --- [puzzle-15] [http-nio-auto-1-exec-6] d.m.p.logging.RequestLoggingFilter       : ➡️  [anonymousUser] POST called /api/auth/login
2025-05-08T14:10:51.869+02:00  INFO 35108 --- [puzzle-15] [http-nio-auto-1-exec-6] d.m.p.logging.RequestLoggingFilter       : ⬅️  [anonymousUser] POST /api/auth/login -> HTTP 200
2025-05-08T14:10:51.900+02:00  INFO 35108 --- [puzzle-15] [http-nio-auto-1-exec-7] d.m.p.logging.RequestLoggingFilter       : ➡️  [anonymousUser] POST called /api/auth/login
2025-05-08T14:10:51.900+02:00  INFO 35108 --- [puzzle-15] [http-nio-auto-1-exec-7] d.m.p.logging.RequestLoggingFilter       : ⬅️  [anonymousUser] POST /api/auth/login -> HTTP 200
2025-05-08T14:10:51.951+02:00  INFO 35108 --- [puzzle-15] [http-nio-auto-1-exec-8] d.m.p.logging.RequestLoggingFilter       : ➡️  [player1] POST called /api/game/start
2025-05-08T14:10:51.951+02:00  INFO 35108 --- [puzzle-15] [http-nio-auto-1-exec-8] dk.mdp.puzzle15.service.GameService      : Created new game (eeb92118-8a43-4bb9-8bb8-e29eaec6a0c3) session for user player1
2025-05-08T14:10:51.966+02:00  INFO 35108 --- [puzzle-15] [http-nio-auto-1-exec-8] d.m.p.logging.RequestLoggingFilter       : ⬅️  [player1] POST /api/game/start -> HTTP 200
2025-05-08T14:10:52.008+02:00  INFO 35108 --- [puzzle-15] [http-nio-auto-1-exec-9] d.m.p.logging.RequestLoggingFilter       : ➡️  [player2] PUT called /api/game/eeb92118-8a43-4bb9-8bb8-e29eaec6a0c3/move
2025-05-08T14:10:52.014+02:00 ERROR 35108 --- [puzzle-15] [http-nio-auto-1-exec-9] d.m.p.exception.GlobalExceptionHandler   : ErrorResponse[timestamp=2025-05-08T12:10:52.014187100Z, status=403, error=Forbidden, message=Player not authorized for this game, path=/api/game/eeb92118-8a43-4bb9-8bb8-e29eaec6a0c3/move]
2025-05-08T14:10:52.014+02:00  INFO 35108 --- [puzzle-15] [http-nio-auto-1-exec-9] d.m.p.logging.RequestLoggingFilter       : ⬅️  [player2] PUT /api/game/eeb92118-8a43-4bb9-8bb8-e29eaec6a0c3/move -> HTTP 403
2025-05-08T14:10:52.039+02:00  INFO 35108 --- [puzzle-15] [http-nio-auto-1-exec-10] d.m.p.logging.RequestLoggingFilter       : ➡️  [anonymousUser] POST called /api/auth/login
2025-05-08T14:10:52.039+02:00  INFO 35108 --- [puzzle-15] [http-nio-auto-1-exec-10] d.m.p.logging.RequestLoggingFilter       : ⬅️  [anonymousUser] POST /api/auth/login -> HTTP 200
2025-05-08T14:10:52.047+02:00  INFO 35108 --- [puzzle-15] [http-nio-auto-1-exec-1] d.m.p.logging.RequestLoggingFilter       : ➡️  [anonymousUser] POST called /api/auth/login
2025-05-08T14:10:52.061+02:00  INFO 35108 --- [puzzle-15] [http-nio-auto-1-exec-1] d.m.p.logging.RequestLoggingFilter       : ⬅️  [anonymousUser] POST /api/auth/login -> HTTP 200
2025-05-08T14:10:52.078+02:00  INFO 35108 --- [puzzle-15] [http-nio-auto-1-exec-2] d.m.p.logging.RequestLoggingFilter       : ➡️  [anonymousUser] POST called /api/auth/login
2025-05-08T14:10:52.078+02:00  INFO 35108 --- [puzzle-15] [http-nio-auto-1-exec-2] d.m.p.logging.RequestLoggingFilter       : ⬅️  [anonymousUser] POST /api/auth/login -> HTTP 200
2025-05-08T14:10:52.093+02:00  INFO 35108 --- [puzzle-15] [http-nio-auto-1-exec-3] d.m.p.logging.RequestLoggingFilter       : ➡️  [player1] POST called /api/game/start
2025-05-08T14:10:52.093+02:00  INFO 35108 --- [puzzle-15] [http-nio-auto-1-exec-3] dk.mdp.puzzle15.service.GameService      : Created new game (02dbc833-90e1-4113-9b25-c2a0f66abfd1) session for user player1
2025-05-08T14:10:52.093+02:00  INFO 35108 --- [puzzle-15] [http-nio-auto-1-exec-3] d.m.p.logging.RequestLoggingFilter       : ⬅️  [player1] POST /api/game/start -> HTTP 200
2025-05-08T14:10:52.108+02:00  INFO 35108 --- [puzzle-15] [http-nio-auto-1-exec-4] d.m.p.logging.RequestLoggingFilter       : ➡️  [player2] GET called /api/game/02dbc833-90e1-4113-9b25-c2a0f66abfd1
2025-05-08T14:10:52.124+02:00 ERROR 35108 --- [puzzle-15] [http-nio-auto-1-exec-4] d.m.p.exception.GlobalExceptionHandler   : ErrorResponse[timestamp=2025-05-08T12:10:52.124560800Z, status=403, error=Forbidden, message=Player not authorized for this game, path=/api/game/02dbc833-90e1-4113-9b25-c2a0f66abfd1]
2025-05-08T14:10:52.124+02:00  INFO 35108 --- [puzzle-15] [http-nio-auto-1-exec-4] d.m.p.logging.RequestLoggingFilter       : ⬅️  [player2] GET /api/game/02dbc833-90e1-4113-9b25-c2a0f66abfd1 -> HTTP 403
2025-05-08T14:10:52.130+02:00  INFO 35108 --- [puzzle-15] [http-nio-auto-1-exec-5] d.m.p.logging.RequestLoggingFilter       : ➡️  [anonymousUser] POST called /api/auth/login
2025-05-08T14:10:52.130+02:00  INFO 35108 --- [puzzle-15] [http-nio-auto-1-exec-5] d.m.p.logging.RequestLoggingFilter       : ⬅️  [anonymousUser] POST /api/auth/login -> HTTP 200
2025-05-08T14:10:52.140+02:00  INFO 35108 --- [puzzle-15] [http-nio-auto-1-exec-6] d.m.p.logging.RequestLoggingFilter       : ➡️  [anonymousUser] POST called /api/auth/login
2025-05-08T14:10:52.156+02:00  INFO 35108 --- [puzzle-15] [http-nio-auto-1-exec-6] d.m.p.logging.RequestLoggingFilter       : ⬅️  [anonymousUser] POST /api/auth/login -> HTTP 200
2025-05-08T14:10:52.171+02:00  INFO 35108 --- [puzzle-15] [http-nio-auto-1-exec-7] d.m.p.logging.RequestLoggingFilter       : ➡️  [anonymousUser] POST called /api/auth/login
2025-05-08T14:10:52.171+02:00  INFO 35108 --- [puzzle-15] [http-nio-auto-1-exec-7] d.m.p.logging.RequestLoggingFilter       : ⬅️  [anonymousUser] POST /api/auth/login -> HTTP 200
2025-05-08T14:10:52.188+02:00  INFO 35108 --- [puzzle-15] [http-nio-auto-1-exec-8] d.m.p.logging.RequestLoggingFilter       : ➡️  [player1] POST called /api/game/start
2025-05-08T14:10:52.188+02:00  INFO 35108 --- [puzzle-15] [http-nio-auto-1-exec-8] dk.mdp.puzzle15.service.GameService      : Created new game (25c665a5-608e-4b78-bd42-5665f9903e17) session for user player1
2025-05-08T14:10:52.188+02:00  INFO 35108 --- [puzzle-15] [http-nio-auto-1-exec-8] d.m.p.logging.RequestLoggingFilter       : ⬅️  [player1] POST /api/game/start -> HTTP 200
2025-05-08T14:10:52.219+02:00  INFO 35108 --- [puzzle-15] [http-nio-auto-1-exec-9] d.m.p.logging.RequestLoggingFilter       : ➡️  [anonymousUser] POST called /api/auth/login
2025-05-08T14:10:52.219+02:00  INFO 35108 --- [puzzle-15] [http-nio-auto-1-exec-9] d.m.p.logging.RequestLoggingFilter       : ⬅️  [anonymousUser] POST /api/auth/login -> HTTP 200
2025-05-08T14:10:52.235+02:00  INFO 35108 --- [puzzle-15] [http-nio-auto-1-exec-10] d.m.p.logging.RequestLoggingFilter       : ➡️  [anonymousUser] POST called /api/auth/login
2025-05-08T14:10:52.235+02:00  INFO 35108 --- [puzzle-15] [http-nio-auto-1-exec-10] d.m.p.logging.RequestLoggingFilter       : ⬅️  [anonymousUser] POST /api/auth/login -> HTTP 200
2025-05-08T14:10:52.251+02:00  INFO 35108 --- [puzzle-15] [http-nio-auto-1-exec-1] d.m.p.logging.RequestLoggingFilter       : ➡️  [anonymousUser] POST called /api/auth/login
2025-05-08T14:10:52.251+02:00  INFO 35108 --- [puzzle-15] [http-nio-auto-1-exec-1] d.m.p.logging.RequestLoggingFilter       : ⬅️  [anonymousUser] POST /api/auth/login -> HTTP 200
2025-05-08T14:10:52.266+02:00  INFO 35108 --- [puzzle-15] [http-nio-auto-1-exec-2] d.m.p.logging.RequestLoggingFilter       : ➡️  [player1] POST called /api/game/start
2025-05-08T14:10:52.282+02:00  INFO 35108 --- [puzzle-15] [http-nio-auto-1-exec-2] dk.mdp.puzzle15.service.GameService      : Created new game (b0bbc082-37a8-4185-8862-be7edc3ca9f5) session for user player1
2025-05-08T14:10:52.282+02:00  INFO 35108 --- [puzzle-15] [http-nio-auto-1-exec-2] d.m.p.logging.RequestLoggingFilter       : ⬅️  [player1] POST /api/game/start -> HTTP 200
2025-05-08T14:10:52.299+02:00  INFO 35108 --- [puzzle-15] [http-nio-auto-1-exec-3] d.m.p.logging.RequestLoggingFilter       : ➡️  [player1] PUT called /api/game/b0bbc082-37a8-4185-8862-be7edc3ca9f5/move
2025-05-08T14:10:52.299+02:00  INFO 35108 --- [puzzle-15] [http-nio-auto-1-exec-3] d.m.p.logging.RequestLoggingFilter       : ⬅️  [player1] PUT /api/game/b0bbc082-37a8-4185-8862-be7edc3ca9f5/move -> HTTP 200
2025-05-08T14:10:52.330+02:00  INFO 35108 --- [puzzle-15] [http-nio-auto-1-exec-4] d.m.p.logging.RequestLoggingFilter       : ➡️  [anonymousUser] POST called /api/auth/login
2025-05-08T14:10:52.330+02:00  INFO 35108 --- [puzzle-15] [http-nio-auto-1-exec-4] d.m.p.logging.RequestLoggingFilter       : ⬅️  [anonymousUser] POST /api/auth/login -> HTTP 200
2025-05-08T14:10:52.352+02:00  INFO 35108 --- [puzzle-15] [http-nio-auto-1-exec-5] d.m.p.logging.RequestLoggingFilter       : ➡️  [anonymousUser] POST called /api/auth/login
2025-05-08T14:10:52.356+02:00  INFO 35108 --- [puzzle-15] [http-nio-auto-1-exec-5] d.m.p.logging.RequestLoggingFilter       : ⬅️  [anonymousUser] POST /api/auth/login -> HTTP 200
2025-05-08T14:10:52.374+02:00  INFO 35108 --- [puzzle-15] [http-nio-auto-1-exec-6] d.m.p.logging.RequestLoggingFilter       : ➡️  [anonymousUser] POST called /api/auth/login
2025-05-08T14:10:52.374+02:00  INFO 35108 --- [puzzle-15] [http-nio-auto-1-exec-6] d.m.p.logging.RequestLoggingFilter       : ⬅️  [anonymousUser] POST /api/auth/login -> HTTP 200
2025-05-08T14:10:52.391+02:00  INFO 35108 --- [puzzle-15] [http-nio-auto-1-exec-7] d.m.p.logging.RequestLoggingFilter       : ➡️  [player1] POST called /api/game/start
2025-05-08T14:10:52.391+02:00  INFO 35108 --- [puzzle-15] [http-nio-auto-1-exec-7] dk.mdp.puzzle15.service.GameService      : Created new game (d62b3e11-76bb-4051-8c0c-dfc484a761b3) session for user player1
2025-05-08T14:10:52.391+02:00  INFO 35108 --- [puzzle-15] [http-nio-auto-1-exec-7] d.m.p.logging.RequestLoggingFilter       : ⬅️  [player1] POST /api/game/start -> HTTP 200
2025-05-08T14:10:52.415+02:00  INFO 35108 --- [puzzle-15] [http-nio-auto-1-exec-8] d.m.p.logging.RequestLoggingFilter       : ➡️  [player1] GET called /api/game/d62b3e11-76bb-4051-8c0c-dfc484a761b3
2025-05-08T14:10:52.418+02:00  INFO 35108 --- [puzzle-15] [http-nio-auto-1-exec-8] d.m.p.logging.RequestLoggingFilter       : ⬅️  [player1] GET /api/game/d62b3e11-76bb-4051-8c0c-dfc484a761b3 -> HTTP 200
2025-05-08T14:10:52.436+02:00  INFO 35108 --- [puzzle-15] [http-nio-auto-1-exec-9] d.m.p.logging.RequestLoggingFilter       : ➡️  [anonymousUser] POST called /api/auth/login
2025-05-08T14:10:52.436+02:00  INFO 35108 --- [puzzle-15] [http-nio-auto-1-exec-9] d.m.p.logging.RequestLoggingFilter       : ⬅️  [anonymousUser] POST /api/auth/login -> HTTP 200
2025-05-08T14:10:52.452+02:00  INFO 35108 --- [puzzle-15] [http-nio-auto-1-exec-10] d.m.p.logging.RequestLoggingFilter       : ➡️  [anonymousUser] POST called /api/auth/login
2025-05-08T14:10:52.452+02:00  INFO 35108 --- [puzzle-15] [http-nio-auto-1-exec-10] d.m.p.logging.RequestLoggingFilter       : ⬅️  [anonymousUser] POST /api/auth/login -> HTTP 200
2025-05-08T14:10:52.468+02:00  INFO 35108 --- [puzzle-15] [http-nio-auto-1-exec-1] d.m.p.logging.RequestLoggingFilter       : ➡️  [anonymousUser] POST called /api/auth/login
2025-05-08T14:10:52.468+02:00  INFO 35108 --- [puzzle-15] [http-nio-auto-1-exec-1] d.m.p.logging.RequestLoggingFilter       : ⬅️  [anonymousUser] POST /api/auth/login -> HTTP 200
2025-05-08T14:10:52.488+02:00  INFO 35108 --- [puzzle-15] [http-nio-auto-1-exec-2] d.m.p.logging.RequestLoggingFilter       : ➡️  [player1] POST called /api/game/start
2025-05-08T14:10:52.488+02:00  INFO 35108 --- [puzzle-15] [http-nio-auto-1-exec-2] dk.mdp.puzzle15.service.GameService      : Created new game (59fb131c-1f4f-4401-b6ac-77306286f3dd) session for user player1
2025-05-08T14:10:52.488+02:00  INFO 35108 --- [puzzle-15] [http-nio-auto-1-exec-2] d.m.p.logging.RequestLoggingFilter       : ⬅️  [player1] POST /api/game/start -> HTTP 200
2025-05-08T14:10:52.499+02:00  INFO 35108 --- [puzzle-15] [http-nio-auto-1-exec-3] d.m.p.logging.RequestLoggingFilter       : ➡️  [admin] DELETE called /api/game/59fb131c-1f4f-4401-b6ac-77306286f3dd
2025-05-08T14:10:52.515+02:00  INFO 35108 --- [puzzle-15] [http-nio-auto-1-exec-3] dk.mdp.puzzle15.service.GameService      : Game (59fb131c-1f4f-4401-b6ac-77306286f3dd) session that terminated by admin
2025-05-08T14:10:52.515+02:00  INFO 35108 --- [puzzle-15] [http-nio-auto-1-exec-3] d.m.p.logging.RequestLoggingFilter       : ⬅️  [admin] DELETE /api/game/59fb131c-1f4f-4401-b6ac-77306286f3dd -> HTTP 204
2025-05-08T14:10:52.530+02:00  INFO 35108 --- [puzzle-15] [http-nio-auto-1-exec-4] d.m.p.logging.RequestLoggingFilter       : ➡️  [anonymousUser] POST called /api/auth/login
2025-05-08T14:10:52.530+02:00  INFO 35108 --- [puzzle-15] [http-nio-auto-1-exec-4] d.m.p.logging.RequestLoggingFilter       : ⬅️  [anonymousUser] POST /api/auth/login -> HTTP 200
2025-05-08T14:10:52.540+02:00  INFO 35108 --- [puzzle-15] [http-nio-auto-1-exec-5] d.m.p.logging.RequestLoggingFilter       : ➡️  [anonymousUser] POST called /api/auth/login
2025-05-08T14:10:52.540+02:00  INFO 35108 --- [puzzle-15] [http-nio-auto-1-exec-5] d.m.p.logging.RequestLoggingFilter       : ⬅️  [anonymousUser] POST /api/auth/login -> HTTP 200
2025-05-08T14:10:52.562+02:00  INFO 35108 --- [puzzle-15] [http-nio-auto-1-exec-6] d.m.p.logging.RequestLoggingFilter       : ➡️  [anonymousUser] POST called /api/auth/login
2025-05-08T14:10:52.562+02:00  INFO 35108 --- [puzzle-15] [http-nio-auto-1-exec-6] d.m.p.logging.RequestLoggingFilter       : ⬅️  [anonymousUser] POST /api/auth/login -> HTTP 200
2025-05-08T14:10:52.579+02:00  INFO 35108 --- [puzzle-15] [http-nio-auto-1-exec-7] d.m.p.logging.RequestLoggingFilter       : ➡️  [player1] GET called /api/game/6e753d31-b26a-4617-8e94-2369743a648c
2025-05-08T14:10:52.579+02:00 ERROR 35108 --- [puzzle-15] [http-nio-auto-1-exec-7] d.m.p.exception.GlobalExceptionHandler   : ErrorResponse[timestamp=2025-05-08T12:10:52.579100300Z, status=404, error=Not Found, message=Game (6e753d31-b26a-4617-8e94-2369743a648c) not found., path=/api/game/6e753d31-b26a-4617-8e94-2369743a648c]
2025-05-08T14:10:52.579+02:00  INFO 35108 --- [puzzle-15] [http-nio-auto-1-exec-7] d.m.p.logging.RequestLoggingFilter       : ⬅️  [player1] GET /api/game/6e753d31-b26a-4617-8e94-2369743a648c -> HTTP 404
2025-05-08T14:10:52.595+02:00  INFO 35108 --- [puzzle-15] [http-nio-auto-1-exec-8] d.m.p.logging.RequestLoggingFilter       : ➡️  [anonymousUser] POST called /api/auth/login
2025-05-08T14:10:52.597+02:00  INFO 35108 --- [puzzle-15] [http-nio-auto-1-exec-8] d.m.p.logging.RequestLoggingFilter       : ⬅️  [anonymousUser] POST /api/auth/login -> HTTP 200
2025-05-08T14:10:52.612+02:00  INFO 35108 --- [puzzle-15] [http-nio-auto-1-exec-9] d.m.p.logging.RequestLoggingFilter       : ➡️  [anonymousUser] POST called /api/auth/login
2025-05-08T14:10:52.612+02:00  INFO 35108 --- [puzzle-15] [http-nio-auto-1-exec-9] d.m.p.logging.RequestLoggingFilter       : ⬅️  [anonymousUser] POST /api/auth/login -> HTTP 200
2025-05-08T14:10:52.619+02:00  INFO 35108 --- [puzzle-15] [http-nio-auto-1-exec-10] d.m.p.logging.RequestLoggingFilter       : ➡️  [anonymousUser] POST called /api/auth/login
2025-05-08T14:10:52.630+02:00  INFO 35108 --- [puzzle-15] [http-nio-auto-1-exec-10] d.m.p.logging.RequestLoggingFilter       : ⬅️  [anonymousUser] POST /api/auth/login -> HTTP 200
2025-05-08T14:10:52.635+02:00  INFO 35108 --- [puzzle-15] [http-nio-auto-1-exec-1] d.m.p.logging.RequestLoggingFilter       : ➡️  [player1] PUT called /api/game/d564b479-5752-4211-86ce-103b2ab5cfc2/move
2025-05-08T14:10:52.635+02:00 ERROR 35108 --- [puzzle-15] [http-nio-auto-1-exec-1] d.m.p.exception.GlobalExceptionHandler   : ErrorResponse[timestamp=2025-05-08T12:10:52.635452700Z, status=404, error=Not Found, message=Game (d564b479-5752-4211-86ce-103b2ab5cfc2) not found., path=/api/game/d564b479-5752-4211-86ce-103b2ab5cfc2/move]
2025-05-08T14:10:52.635+02:00  INFO 35108 --- [puzzle-15] [http-nio-auto-1-exec-1] d.m.p.logging.RequestLoggingFilter       : ⬅️  [player1] PUT /api/game/d564b479-5752-4211-86ce-103b2ab5cfc2/move -> HTTP 404
2025-05-08T14:10:52.659+02:00  INFO 35108 --- [puzzle-15] [http-nio-auto-1-exec-2] d.m.p.logging.RequestLoggingFilter       : ➡️  [anonymousUser] POST called /api/auth/login
2025-05-08T14:10:52.659+02:00  INFO 35108 --- [puzzle-15] [http-nio-auto-1-exec-2] d.m.p.logging.RequestLoggingFilter       : ⬅️  [anonymousUser] POST /api/auth/login -> HTTP 200
2025-05-08T14:10:52.666+02:00  INFO 35108 --- [puzzle-15] [http-nio-auto-1-exec-3] d.m.p.logging.RequestLoggingFilter       : ➡️  [anonymousUser] POST called /api/auth/login
2025-05-08T14:10:52.666+02:00  INFO 35108 --- [puzzle-15] [http-nio-auto-1-exec-3] d.m.p.logging.RequestLoggingFilter       : ⬅️  [anonymousUser] POST /api/auth/login -> HTTP 200
2025-05-08T14:10:52.693+02:00  INFO 35108 --- [puzzle-15] [http-nio-auto-1-exec-4] d.m.p.logging.RequestLoggingFilter       : ➡️  [anonymousUser] POST called /api/auth/login
2025-05-08T14:10:52.693+02:00  INFO 35108 --- [puzzle-15] [http-nio-auto-1-exec-4] d.m.p.logging.RequestLoggingFilter       : ⬅️  [anonymousUser] POST /api/auth/login -> HTTP 200
2025-05-08T14:10:52.708+02:00  INFO 35108 --- [puzzle-15] [http-nio-auto-1-exec-5] d.m.p.logging.RequestLoggingFilter       : ➡️  [player1] POST called /api/game/start
2025-05-08T14:10:52.708+02:00  INFO 35108 --- [puzzle-15] [http-nio-auto-1-exec-5] dk.mdp.puzzle15.service.GameService      : Created new game (e920ba05-f202-40f8-8bcd-c14d7627d5fe) session for user player1
2025-05-08T14:10:52.708+02:00  INFO 35108 --- [puzzle-15] [http-nio-auto-1-exec-5] d.m.p.logging.RequestLoggingFilter       : ⬅️  [player1] POST /api/game/start -> HTTP 200
2025-05-08T14:10:52.715+02:00  INFO 35108 --- [puzzle-15] [http-nio-auto-1-exec-6] d.m.p.logging.RequestLoggingFilter       : ➡️  [player1] DELETE called /api/game/e920ba05-f202-40f8-8bcd-c14d7627d5fe
2025-05-08T14:10:52.715+02:00 ERROR 35108 --- [puzzle-15] [http-nio-auto-1-exec-6] d.m.p.exception.GlobalExceptionHandler   : ErrorResponse[timestamp=2025-05-08T12:10:52.715221200Z, status=403, error=Forbidden, message=Access Denied, path=/api/game/e920ba05-f202-40f8-8bcd-c14d7627d5fe]
2025-05-08T14:10:52.715+02:00  INFO 35108 --- [puzzle-15] [http-nio-auto-1-exec-6] d.m.p.logging.RequestLoggingFilter       : ⬅️  [player1] DELETE /api/game/e920ba05-f202-40f8-8bcd-c14d7627d5fe -> HTTP 403
2025-05-08T14:10:52.730+02:00  INFO 35108 --- [puzzle-15] [http-nio-auto-1-exec-7] d.m.p.logging.RequestLoggingFilter       : ➡️  [anonymousUser] POST called /api/auth/login
2025-05-08T14:10:52.730+02:00  INFO 35108 --- [puzzle-15] [http-nio-auto-1-exec-7] d.m.p.logging.RequestLoggingFilter       : ⬅️  [anonymousUser] POST /api/auth/login -> HTTP 200
2025-05-08T14:10:52.746+02:00  INFO 35108 --- [puzzle-15] [http-nio-auto-1-exec-8] d.m.p.logging.RequestLoggingFilter       : ➡️  [anonymousUser] POST called /api/auth/login
2025-05-08T14:10:52.746+02:00  INFO 35108 --- [puzzle-15] [http-nio-auto-1-exec-8] d.m.p.logging.RequestLoggingFilter       : ⬅️  [anonymousUser] POST /api/auth/login -> HTTP 200
2025-05-08T14:10:52.761+02:00  INFO 35108 --- [puzzle-15] [http-nio-auto-1-exec-9] d.m.p.logging.RequestLoggingFilter       : ➡️  [anonymousUser] POST called /api/auth/login
2025-05-08T14:10:52.761+02:00  INFO 35108 --- [puzzle-15] [http-nio-auto-1-exec-9] d.m.p.logging.RequestLoggingFilter       : ⬅️  [anonymousUser] POST /api/auth/login -> HTTP 200
2025-05-08T14:10:52.809+02:00  INFO 35108 --- [puzzle-15] [http-nio-auto-1-exec-6] d.m.p.logging.RequestLoggingFilter       : ➡️  [anonymousUser] POST called /api/auth/login
2025-05-08T14:10:52.809+02:00  INFO 35108 --- [puzzle-15] [http-nio-auto-1-exec-6] d.m.p.logging.RequestLoggingFilter       : ⬅️  [anonymousUser] POST /api/auth/login -> HTTP 200
2025-05-08T14:10:52.835+02:00  INFO 35108 --- [puzzle-15] [http-nio-auto-1-exec-7] d.m.p.logging.RequestLoggingFilter       : ➡️  [anonymousUser] POST called /api/auth/login
2025-05-08T14:10:52.837+02:00  INFO 35108 --- [puzzle-15] [http-nio-auto-1-exec-7] d.m.p.logging.RequestLoggingFilter       : ⬅️  [anonymousUser] POST /api/auth/login -> HTTP 200
2025-05-08T14:10:52.837+02:00  INFO 35108 --- [puzzle-15] [http-nio-auto-1-exec-12] d.m.p.logging.RequestLoggingFilter       : ➡️  [anonymousUser] POST called /api/auth/login
2025-05-08T14:10:52.852+02:00  INFO 35108 --- [puzzle-15] [http-nio-auto-1-exec-12] d.m.p.logging.RequestLoggingFilter       : ⬅️  [anonymousUser] POST /api/auth/login -> HTTP 200
2025-05-08T14:10:52.852+02:00  INFO 35108 --- [puzzle-15] [http-nio-auto-1-exec-9] d.m.p.logging.RequestLoggingFilter       : ➡️  [player1] POST called /api/game/start
2025-05-08T14:10:52.852+02:00  INFO 35108 --- [puzzle-15] [http-nio-auto-1-exec-9] dk.mdp.puzzle15.service.GameService      : Created new game (ddd1ec41-440c-45df-b3c0-c4534f5ffe08) session for user player1
2025-05-08T14:10:52.852+02:00  INFO 35108 --- [puzzle-15] [http-nio-auto-1-exec-9] d.m.p.logging.RequestLoggingFilter       : ⬅️  [player1] POST /api/game/start -> HTTP 200
2025-05-08T14:10:52.880+02:00  INFO 35108 --- [puzzle-15] [http-nio-auto-1-exec-2] d.m.p.logging.RequestLoggingFilter       : ➡️  [player1] PUT called /api/game/ddd1ec41-440c-45df-b3c0-c4534f5ffe08/move
2025-05-08T14:10:52.884+02:00 ERROR 35108 --- [puzzle-15] [http-nio-auto-1-exec-2] d.m.p.exception.GlobalExceptionHandler   : ErrorResponse[timestamp=2025-05-08T12:10:52.884619600Z, status=400, error=Bad Request, message=Validation failed for argument [1] in public org.springframework.http.ResponseEntity<dk.mdp.puzzle15.dto.GameResponse> dk.mdp.puzzle15.controller.GameController.move(java.util.UUID,dk.mdp.puzzle15.dto.MoveRequest,org.springframework.security.core.userdetails.UserDetails): [Field error in object 'moveRequest' on field 'direction': rejected value [null]; codes [NotNull.moveRequest.direction,NotNull.direction,NotNull.dk.mdp.puzzle15.model.Direction,NotNull]; arguments [org.springframework.context.support.DefaultMessageSourceResolvable: codes [moveRequest.direction,direction]; arguments []; default message [direction]]; default message [må ikke være null]] , path=/api/game/ddd1ec41-440c-45df-b3c0-c4534f5ffe08/move]
2025-05-08T14:10:52.884+02:00  INFO 35108 --- [puzzle-15] [http-nio-auto-1-exec-2] d.m.p.logging.RequestLoggingFilter       : ⬅️  [player1] PUT /api/game/ddd1ec41-440c-45df-b3c0-c4534f5ffe08/move -> HTTP 400
2025-05-08T14:10:53.289+02:00 ERROR 35108 --- [puzzle-15] [Test worker] d.m.p.exception.GlobalExceptionHandler   : ErrorResponse[timestamp=2025-05-08T12:10:53.289183200Z, status=500, error=Internal Server Error, message=Unexpected failure, path=/api/test]
2025-05-08T14:10:53.289+02:00 ERROR 35108 --- [puzzle-15] [Test worker] d.m.p.exception.GlobalExceptionHandler   : ErrorResponse[timestamp=2025-05-08T12:10:53.289183200Z, status=403, error=Forbidden, message=Access denied by security check, path=/api/test]
2025-05-08T14:10:53.304+02:00 ERROR 35108 --- [puzzle-15] [Test worker] d.m.p.exception.GlobalExceptionHandler   : ErrorResponse[timestamp=2025-05-08T12:10:53.304189600Z, status=404, error=Not Found, message=Game (2f26e028-4bb4-41ea-9d6c-ba409983e22c) not found., path=/api/test]
2025-05-08T14:10:53.399+02:00 ERROR 35108 --- [puzzle-15] [Test worker] d.m.p.exception.GlobalExceptionHandler   : ErrorResponse[timestamp=2025-05-08T12:10:53.399525900Z, status=401, error=Unauthorized, message=Authentication failed, path=/api/test]
2025-05-08T14:10:53.399+02:00 ERROR 35108 --- [puzzle-15] [Test worker] d.m.p.exception.GlobalExceptionHandler   : ErrorResponse[timestamp=2025-05-08T12:10:53.399525900Z, status=400, error=Bad Request, message=org.springframework.validation.BeanPropertyBindingResult: 0 errors, path=/api/test]
2025-05-08T14:10:53.399+02:00 ERROR 35108 --- [puzzle-15] [Test worker] d.m.p.exception.GlobalExceptionHandler   : ErrorResponse[timestamp=2025-05-08T12:10:53.399525900Z, status=403, error=Forbidden, message=Forbidden, path=/api/test]
2025-05-08T14:10:53.446+02:00  INFO 35108 --- [puzzle-15] [Test worker] dk.mdp.puzzle15.service.GameService      : Created new game (29aa7236-237d-4d2c-938c-d409f10fed62) session for user player1
2025-05-08T14:10:53.446+02:00  INFO 35108 --- [puzzle-15] [Test worker] dk.mdp.puzzle15.service.GameService      : Created new game (320b7286-ef23-4299-8c2d-ecf6f23aca39) session for user player1
2025-05-08T14:10:53.456+02:00  INFO 35108 --- [puzzle-15] [Test worker] dk.mdp.puzzle15.service.GameService      : Game (320b7286-ef23-4299-8c2d-ecf6f23aca39) session that terminated by admin
2025-05-08T14:10:53.459+02:00  INFO 35108 --- [puzzle-15] [Test worker] dk.mdp.puzzle15.service.GameService      : Created new game (0f32aac8-a845-47b5-97a8-fc44742e845a) session for user player1
2025-05-08T14:10:53.459+02:00  INFO 35108 --- [puzzle-15] [Test worker] dk.mdp.puzzle15.service.GameService      : Created new game (075f8d28-5b64-4b75-b1e7-d225a1b56785) session for user player1
2025-05-08T14:10:53.465+02:00  INFO 35108 --- [puzzle-15] [Test worker] dk.mdp.puzzle15.service.GameService      : Created new game (c469d4fa-cbf1-46fc-aede-69cb313af06e) session for user playerX
2025-05-08T14:10:53.613+02:00  INFO 35108 --- [puzzle-15] [SpringApplicationShutdownHook] o.s.b.w.e.tomcat.GracefulShutdown        : Commencing graceful shutdown. Waiting for active requests to complete
2025-05-08T14:10:53.613+02:00  INFO 35108 --- [puzzle-15] [tomcat-shutdown] o.s.b.w.e.tomcat.GracefulShutdown        : Graceful shutdown complete
